<?xml version="1.0" encoding="UTF-8"?>
<robot generator="Robot 4.0.3 (Python 3.9.6 on win32)" generated="20210629 20:00:30.858" rpa="false" schemaversion="2">
<suite id="s1" name="Variables" source="C:\Users\samue\OneDrive\Documentos\projetos\PrimeExperts_junho_28_2021\variables">
<suite id="s1-s1" name="Teste Variaveis" source="C:\Users\samue\OneDrive\Documentos\projetos\PrimeExperts_junho_28_2021\variables\teste_variaveis.robot">
<test id="s1-s1-t1" name="Meu teste de impressao de mensagem no terminal">
<kw name="Logar no terminal uma mensagem">
<kw name="Log To Console" library="BuiltIn">
<arg>${MENSSAGEM}</arg>
<doc>Logs the given message to the console.</doc>
<status status="PASS" starttime="20210629 20:00:30.893" endtime="20210629 20:00:30.893"/>
</kw>
<status status="PASS" starttime="20210629 20:00:30.893" endtime="20210629 20:00:30.894"/>
</kw>
<status status="PASS" starttime="20210629 20:00:30.892" endtime="20210629 20:00:30.896"/>
</test>
<doc>Meu teste de variaveis</doc>
<status status="PASS" starttime="20210629 20:00:30.886" endtime="20210629 20:00:30.898"/>
</suite>
<status status="PASS" starttime="20210629 20:00:30.860" endtime="20210629 20:00:30.900"/>
</suite>
<statistics>
<total>
<stat pass="1" fail="0" skip="0">All Tests</stat>
</total>
<tag>
</tag>
<suite>
<stat pass="1" fail="0" skip="0" id="s1" name="Variables">Variables</stat>
<stat pass="1" fail="0" skip="0" id="s1-s1" name="Teste Variaveis">Variables.Teste Variaveis</stat>
</suite>
</statistics>
<errors>
</errors>
</robot>
